<?xml version="1.0" encoding="UTF-8"?>
<!-- Generated by org.testng.reporters.JUnitReportReporter -->
<testsuite skipped="0" hostname="WINCTRL-510G1N7" name="com.lumens.testcases.HomepageNavigation" tests="1" failures="0" timestamp="2021-04-09T16:27:40 IST" time="54.229" errors="0">
  <testcase name="login" time="54.229" classname="com.lumens.testcases.HomepageNavigation"/>
  <system-out>
Navigated to homepage...  </system-out>
</testsuite> <!-- com.lumens.testcases.HomepageNavigation -->
